{"timestamp":"2025-09-20 16:10:27","operation":"getRelevantInventoryItems","status":"ERROR","details":{"categories":["Cleaning & Sanitation","Laundry & Linen","Utility Products"]},"error":"SQLSTATE[42S22]: Column not found: 1054 Unknown column 'i.reorder_level' in 'field list'"}
{"timestamp":"2025-09-20 16:10:27","operation":"list_supplies","status":"ERROR","details":[],"error":"SQLSTATE[42S22]: Column not found: 1054 Unknown column 'i.reorder_level' in 'field list'"}
{"timestamp":"2025-09-20 16:14:17","operation":"getRelevantInventoryItems","status":"SUCCESS","details":{"categories":["Cleaning & Sanitation","Laundry & Linen","Utility Products"],"itemCount":0}}
{"timestamp":"2025-09-20 16:14:17","operation":"getRelevantInventoryItems","status":"SUCCESS","details":{"categories":["Cleaning & Sanitation","Laundry & Linen","Utility Products"],"itemCount":0}}
{"timestamp":"2025-09-20 16:14:17","operation":"getItemsNeedingReorder","status":"ERROR","details":{"categories":["Cleaning & Sanitation","Laundry & Linen","Utility Products"]},"error":"SQLSTATE[42S22]: Column not found: 1054 Unknown column 'i.reorder_level' in 'field list'"}
{"timestamp":"2025-09-20 16:14:17","operation":"get_counts","status":"ERROR","details":[],"error":"SQLSTATE[42S22]: Column not found: 1054 Unknown column 'i.reorder_level' in 'field list'"}
{"timestamp":"2025-09-20 16:21:26","operation":"getRelevantInventoryItems","status":"SUCCESS","details":{"categories":["Cleaning & Sanitation","Laundry & Linen","Utility Products"],"itemCount":0}}
{"timestamp":"2025-09-20 16:21:26","operation":"getRelevantInventoryItems","status":"SUCCESS","details":{"categories":["Cleaning & Sanitation","Laundry & Linen","Utility Products"],"itemCount":0}}
{"timestamp":"2025-09-20 16:21:26","operation":"getItemsNeedingReorder","status":"ERROR","details":{"categories":["Cleaning & Sanitation","Laundry & Linen","Utility Products"]},"error":"SQLSTATE[42S22]: Column not found: 1054 Unknown column 'i.reorder_level' in 'field list'"}
{"timestamp":"2025-09-20 16:21:26","operation":"get_counts","status":"ERROR","details":[],"error":"SQLSTATE[42S22]: Column not found: 1054 Unknown column 'i.reorder_level' in 'field list'"}
{"timestamp":"2025-09-20 16:21:28","operation":"getRelevantInventoryItems","status":"SUCCESS","details":{"categories":["Cleaning & Sanitation","Laundry & Linen","Utility Products"],"itemCount":0}}
{"timestamp":"2025-09-20 16:21:28","operation":"getRelevantInventoryItems","status":"SUCCESS","details":{"categories":["Cleaning & Sanitation","Laundry & Linen","Utility Products"],"itemCount":0}}
{"timestamp":"2025-09-20 16:21:28","operation":"getItemsNeedingReorder","status":"ERROR","details":{"categories":["Cleaning & Sanitation","Laundry & Linen","Utility Products"]},"error":"SQLSTATE[42S22]: Column not found: 1054 Unknown column 'i.reorder_level' in 'field list'"}
{"timestamp":"2025-09-20 16:21:28","operation":"get_counts","status":"ERROR","details":[],"error":"SQLSTATE[42S22]: Column not found: 1054 Unknown column 'i.reorder_level' in 'field list'"}
{"timestamp":"2025-09-20 16:21:29","operation":"getRelevantInventoryItems","status":"SUCCESS","details":{"categories":["Cleaning & Sanitation","Laundry & Linen","Utility Products"],"itemCount":0}}
{"timestamp":"2025-09-20 16:21:29","operation":"getRelevantInventoryItems","status":"SUCCESS","details":{"categories":["Cleaning & Sanitation","Laundry & Linen","Utility Products"],"itemCount":0}}
{"timestamp":"2025-09-20 16:21:29","operation":"getItemsNeedingReorder","status":"ERROR","details":{"categories":["Cleaning & Sanitation","Laundry & Linen","Utility Products"]},"error":"SQLSTATE[42S22]: Column not found: 1054 Unknown column 'i.reorder_level' in 'field list'"}
{"timestamp":"2025-09-20 16:21:29","operation":"get_counts","status":"ERROR","details":[],"error":"SQLSTATE[42S22]: Column not found: 1054 Unknown column 'i.reorder_level' in 'field list'"}
{"timestamp":"2025-09-20 16:30:13","operation":"getRelevantInventoryItems","status":"SUCCESS","details":{"categories":["Cleaning & Sanitation","Laundry & Linen","Utility Products"],"itemCount":0}}
{"timestamp":"2025-09-20 16:30:13","operation":"getRelevantInventoryItems","status":"SUCCESS","details":{"categories":["Cleaning & Sanitation","Laundry & Linen","Utility Products"],"itemCount":0}}
{"timestamp":"2025-09-20 16:30:13","operation":"getItemsNeedingReorder","status":"SUCCESS","details":{"categories":["Cleaning & Sanitation","Laundry & Linen","Utility Products"],"itemCount":0}}
{"timestamp":"2025-09-20 16:38:20","operation":"getRelevantInventoryItems","status":"SUCCESS","details":{"categories":["Cleaning & Sanitation","Laundry & Linen","Utility Products"],"itemCount":0}}
{"timestamp":"2025-09-20 16:38:20","operation":"getRelevantInventoryItems","status":"SUCCESS","details":{"categories":["Cleaning & Sanitation","Laundry & Linen","Utility Products"],"itemCount":0}}
{"timestamp":"2025-09-20 16:38:20","operation":"getItemsNeedingReorder","status":"SUCCESS","details":{"categories":["Cleaning & Sanitation","Laundry & Linen","Utility Products"],"itemCount":0}}
{"timestamp":"2025-09-20 16:46:04","operation":"getRelevantInventoryItems","status":"SUCCESS","details":{"categories":["Cleaning & Sanitation","Laundry & Linen","Utility Products"],"itemCount":0}}
{"timestamp":"2025-09-20 16:46:04","operation":"getRelevantInventoryItems","status":"SUCCESS","details":{"categories":["Cleaning & Sanitation","Laundry & Linen","Utility Products"],"itemCount":0}}
{"timestamp":"2025-09-20 16:46:04","operation":"getItemsNeedingReorder","status":"SUCCESS","details":{"categories":["Cleaning & Sanitation","Laundry & Linen","Utility Products"],"itemCount":0}}
{"timestamp":"2025-09-20 16:46:10","operation":"getRelevantInventoryItems","status":"SUCCESS","details":{"categories":["Cleaning & Sanitation","Laundry & Linen","Utility Products"],"itemCount":0}}
{"timestamp":"2025-09-20 16:46:10","operation":"getRelevantInventoryItems","status":"SUCCESS","details":{"categories":["Cleaning & Sanitation","Laundry & Linen","Utility Products"],"itemCount":0}}
{"timestamp":"2025-09-20 16:46:10","operation":"getItemsNeedingReorder","status":"SUCCESS","details":{"categories":["Cleaning & Sanitation","Laundry & Linen","Utility Products"],"itemCount":0}}
{"timestamp":"2025-09-20 16:57:25","operation":"getRelevantInventoryItems","status":"SUCCESS","details":{"categories":["Cleaning & Sanitation","Laundry & Linen","Utility Products"],"itemCount":0}}
{"timestamp":"2025-09-20 16:57:25","operation":"getRelevantInventoryItems","status":"SUCCESS","details":{"categories":["Cleaning & Sanitation","Laundry & Linen","Utility Products"],"itemCount":0}}
{"timestamp":"2025-09-20 16:57:25","operation":"getItemsNeedingReorder","status":"SUCCESS","details":{"categories":["Cleaning & Sanitation","Laundry & Linen","Utility Products"],"itemCount":0}}
